<?xml version="1.0" encoding="UTF-8"?>
<!-- Generated by org.testng.reporters.JUnitXMLReporter -->
<testsuite ignored="0" hostname="LAPTOP-V2A973PI" failures="0" tests="2" name="Default test" time="29.637" errors="0" timestamp="2023-10-09T14:16:47 IST">
  <testcase classname="rahulshetty.tests.ErrorValidationsTest" name="LoginErrorValidation" time="0.704"/>
  <testcase classname="rahulshetty.tests.ErrorValidationsTest" name="ProductErrorValidation" time="3.393"/>
</testsuite> <!-- Default test -->
